-------------------------------------------------------------------------------
Test set: com.application.sobesTask.AccountManagerServiceApplicationTests
-------------------------------------------------------------------------------
Tests run: 1, Failures: 0, Errors: 1, Skipped: 0, Time elapsed: 8.067 s <<< FAILURE! - in com.application.sobesTask.AccountManagerServiceApplicationTests
contextLoads  Time elapsed: 0.032 s  <<< ERROR!
java.lang.IllegalStateException: Failed to load ApplicationContext
Caused by: org.springframework.beans.factory.UnsatisfiedDependencyException: Error creating bean with name 'relationController' defined in file [D:\UpProjects\accountManager-service\target\classes\com\application\sobesTask\controller\RelationController.class]: Unsatisfied dependency expressed through constructor parameter 0; nested exception is org.springframework.beans.factory.UnsatisfiedDependencyException: Error creating bean with name 'userService' defined in file [D:\UpProjects\accountManager-service\target\classes\com\application\sobesTask\service\UserService.class]: Unsatisfied dependency expressed through constructor parameter 0; nested exception is org.springframework.beans.factory.UnsatisfiedDependencyException: Error creating bean with name 'userDao' defined in file [D:\UpProjects\accountManager-service\target\classes\com\application\sobesTask\dao\UserDao.class]: Unsatisfied dependency expressed through constructor parameter 0; nested exception is org.springframework.beans.factory.BeanCreationException: Error creating bean with name 'userRepo' defined in com.application.sobesTask.dao.UserRepo defined in @EnableJpaRepositories declared on JpaRepositoriesRegistrar.EnableJpaRepositoriesConfiguration: Invocation of init method failed; nested exception is org.springframework.data.repository.query.QueryCreationException: Could not create query for public abstract java.util.List com.application.sobesTask.dao.UserRepo.findAllById()! Reason: Failed to create query for method public abstract java.util.List com.application.sobesTask.dao.UserRepo.findAllById()! Method public abstract java.util.List com.application.sobesTask.dao.UserRepo.findAllById() expects at least 1 arguments but only found 0. This leaves an operator of type SIMPLE_PROPERTY for property id unbound.; nested exception is java.lang.IllegalArgumentException: Failed to create query for method public abstract java.util.List com.application.sobesTask.dao.UserRepo.findAllById()! Method public abstract java.util.List com.application.sobesTask.dao.UserRepo.findAllById() expects at least 1 arguments but only found 0. This leaves an operator of type SIMPLE_PROPERTY for property id unbound.
Caused by: org.springframework.beans.factory.UnsatisfiedDependencyException: Error creating bean with name 'userService' defined in file [D:\UpProjects\accountManager-service\target\classes\com\application\sobesTask\service\UserService.class]: Unsatisfied dependency expressed through constructor parameter 0; nested exception is org.springframework.beans.factory.UnsatisfiedDependencyException: Error creating bean with name 'userDao' defined in file [D:\UpProjects\accountManager-service\target\classes\com\application\sobesTask\dao\UserDao.class]: Unsatisfied dependency expressed through constructor parameter 0; nested exception is org.springframework.beans.factory.BeanCreationException: Error creating bean with name 'userRepo' defined in com.application.sobesTask.dao.UserRepo defined in @EnableJpaRepositories declared on JpaRepositoriesRegistrar.EnableJpaRepositoriesConfiguration: Invocation of init method failed; nested exception is org.springframework.data.repository.query.QueryCreationException: Could not create query for public abstract java.util.List com.application.sobesTask.dao.UserRepo.findAllById()! Reason: Failed to create query for method public abstract java.util.List com.application.sobesTask.dao.UserRepo.findAllById()! Method public abstract java.util.List com.application.sobesTask.dao.UserRepo.findAllById() expects at least 1 arguments but only found 0. This leaves an operator of type SIMPLE_PROPERTY for property id unbound.; nested exception is java.lang.IllegalArgumentException: Failed to create query for method public abstract java.util.List com.application.sobesTask.dao.UserRepo.findAllById()! Method public abstract java.util.List com.application.sobesTask.dao.UserRepo.findAllById() expects at least 1 arguments but only found 0. This leaves an operator of type SIMPLE_PROPERTY for property id unbound.
Caused by: org.springframework.beans.factory.UnsatisfiedDependencyException: Error creating bean with name 'userDao' defined in file [D:\UpProjects\accountManager-service\target\classes\com\application\sobesTask\dao\UserDao.class]: Unsatisfied dependency expressed through constructor parameter 0; nested exception is org.springframework.beans.factory.BeanCreationException: Error creating bean with name 'userRepo' defined in com.application.sobesTask.dao.UserRepo defined in @EnableJpaRepositories declared on JpaRepositoriesRegistrar.EnableJpaRepositoriesConfiguration: Invocation of init method failed; nested exception is org.springframework.data.repository.query.QueryCreationException: Could not create query for public abstract java.util.List com.application.sobesTask.dao.UserRepo.findAllById()! Reason: Failed to create query for method public abstract java.util.List com.application.sobesTask.dao.UserRepo.findAllById()! Method public abstract java.util.List com.application.sobesTask.dao.UserRepo.findAllById() expects at least 1 arguments but only found 0. This leaves an operator of type SIMPLE_PROPERTY for property id unbound.; nested exception is java.lang.IllegalArgumentException: Failed to create query for method public abstract java.util.List com.application.sobesTask.dao.UserRepo.findAllById()! Method public abstract java.util.List com.application.sobesTask.dao.UserRepo.findAllById() expects at least 1 arguments but only found 0. This leaves an operator of type SIMPLE_PROPERTY for property id unbound.
Caused by: org.springframework.beans.factory.BeanCreationException: Error creating bean with name 'userRepo' defined in com.application.sobesTask.dao.UserRepo defined in @EnableJpaRepositories declared on JpaRepositoriesRegistrar.EnableJpaRepositoriesConfiguration: Invocation of init method failed; nested exception is org.springframework.data.repository.query.QueryCreationException: Could not create query for public abstract java.util.List com.application.sobesTask.dao.UserRepo.findAllById()! Reason: Failed to create query for method public abstract java.util.List com.application.sobesTask.dao.UserRepo.findAllById()! Method public abstract java.util.List com.application.sobesTask.dao.UserRepo.findAllById() expects at least 1 arguments but only found 0. This leaves an operator of type SIMPLE_PROPERTY for property id unbound.; nested exception is java.lang.IllegalArgumentException: Failed to create query for method public abstract java.util.List com.application.sobesTask.dao.UserRepo.findAllById()! Method public abstract java.util.List com.application.sobesTask.dao.UserRepo.findAllById() expects at least 1 arguments but only found 0. This leaves an operator of type SIMPLE_PROPERTY for property id unbound.
Caused by: org.springframework.data.repository.query.QueryCreationException: Could not create query for public abstract java.util.List com.application.sobesTask.dao.UserRepo.findAllById()! Reason: Failed to create query for method public abstract java.util.List com.application.sobesTask.dao.UserRepo.findAllById()! Method public abstract java.util.List com.application.sobesTask.dao.UserRepo.findAllById() expects at least 1 arguments but only found 0. This leaves an operator of type SIMPLE_PROPERTY for property id unbound.; nested exception is java.lang.IllegalArgumentException: Failed to create query for method public abstract java.util.List com.application.sobesTask.dao.UserRepo.findAllById()! Method public abstract java.util.List com.application.sobesTask.dao.UserRepo.findAllById() expects at least 1 arguments but only found 0. This leaves an operator of type SIMPLE_PROPERTY for property id unbound.
Caused by: java.lang.IllegalArgumentException: Failed to create query for method public abstract java.util.List com.application.sobesTask.dao.UserRepo.findAllById()! Method public abstract java.util.List com.application.sobesTask.dao.UserRepo.findAllById() expects at least 1 arguments but only found 0. This leaves an operator of type SIMPLE_PROPERTY for property id unbound.
Caused by: java.lang.IllegalStateException: Method public abstract java.util.List com.application.sobesTask.dao.UserRepo.findAllById() expects at least 1 arguments but only found 0. This leaves an operator of type SIMPLE_PROPERTY for property id unbound.

